[NX Daemon Server] - 2024-04-03T08:08:11.416Z - Started listening on: \\.\pipe\nx\C:\Users\xfabr\AppData\Local\Temp\6ec0aab6813a2fe72fcd\d.sock
[NX Daemon Server] - 2024-04-03T08:08:11.426Z - [WATCHER]: Subscribed to changes within: c:\Users\xfabr\VolunTrack\angular-app (native)
[NX Daemon Server] - 2024-04-03T08:08:11.428Z - Established a connection. Number of open connections: 1
[NX Daemon Server] - 2024-04-03T08:08:11.430Z - Established a connection. Number of open connections: 2
[NX Daemon Server] - 2024-04-03T08:08:11.434Z - Closed a connection. Number of open connections: 1
[NX Daemon Server] - 2024-04-03T08:08:11.437Z - [REQUEST]: Client Request for Project Graph Received
[NX Daemon Server] - 2024-04-03T08:08:11.451Z - [REQUEST]: Updated workspace context based on watched changes, recomputing project graph...
[NX Daemon Server] - 2024-04-03T08:08:11.457Z - [REQUEST]: 
[NX Daemon Server] - 2024-04-03T08:08:11.457Z - [REQUEST]: 
[NX Daemon Server] - 2024-04-03T08:08:12.216Z - [REQUEST]: Responding to the client. project-graph
[NX Daemon Server] - 2024-04-03T08:08:12.221Z - Time taken for 'total for creating and serializing project graph' 778.5497000217438ms
[NX Daemon Server] - 2024-04-03T08:08:12.222Z - Done responding to the client project-graph
[NX Daemon Server] - 2024-04-03T08:08:12.222Z - Handled REQUEST_PROJECT_GRAPH. Handling time: 779. Response time: 6.
[NX Daemon Server] - 2024-04-03T08:08:12.232Z - [REQUEST]: Responding to the client. handleRequestFileData
[NX Daemon Server] - 2024-04-03T08:08:12.233Z - Done responding to the client handleRequestFileData
[NX Daemon Server] - 2024-04-03T08:08:12.233Z - Handled REQUEST_FILE_DATA. Handling time: 0. Response time: 1.
[NX Daemon Server] - 2024-04-03T08:08:12.235Z - Closed a connection. Number of open connections: 0
[NX Daemon Server] - 2024-04-03T08:10:38.969Z - Started listening on: \\.\pipe\nx\C:\Users\xfabr\AppData\Local\Temp\6ec0aab6813a2fe72fcd\d.sock
[NX Daemon Server] - 2024-04-03T08:10:38.980Z - [WATCHER]: Subscribed to changes within: c:\Users\xfabr\VolunTrack\angular-app (native)
[NX Daemon Server] - 2024-04-03T08:10:38.983Z - Established a connection. Number of open connections: 1
[NX Daemon Server] - 2024-04-03T08:10:38.985Z - Established a connection. Number of open connections: 2
[NX Daemon Server] - 2024-04-03T08:10:38.988Z - Closed a connection. Number of open connections: 1
[NX Daemon Server] - 2024-04-03T08:10:38.995Z - [REQUEST]: Client Request for Project Graph Received
[NX Daemon Server] - 2024-04-03T08:10:38.998Z - [REQUEST]: Updated workspace context based on watched changes, recomputing project graph...
[NX Daemon Server] - 2024-04-03T08:10:38.998Z - [REQUEST]: 
[NX Daemon Server] - 2024-04-03T08:10:38.998Z - [REQUEST]: 
[NX Daemon Server] - 2024-04-03T08:10:39.264Z - [REQUEST]: Responding to the client. project-graph
[NX Daemon Server] - 2024-04-03T08:10:39.267Z - Time taken for 'total for creating and serializing project graph' 269.145299911499ms
[NX Daemon Server] - 2024-04-03T08:10:39.269Z - Done responding to the client project-graph
[NX Daemon Server] - 2024-04-03T08:10:39.269Z - Handled REQUEST_PROJECT_GRAPH. Handling time: 270. Response time: 5.
[NX Daemon Server] - 2024-04-03T08:10:39.277Z - [REQUEST]: Responding to the client. handleRequestFileData
[NX Daemon Server] - 2024-04-03T08:10:39.277Z - Done responding to the client handleRequestFileData
[NX Daemon Server] - 2024-04-03T08:10:39.277Z - Handled REQUEST_FILE_DATA. Handling time: 0. Response time: 0.
[NX Daemon Server] - 2024-04-03T08:10:39.279Z - Closed a connection. Number of open connections: 0
[NX Daemon Server] - 2024-04-03T08:11:01.639Z - Established a connection. Number of open connections: 1
[NX Daemon Server] - 2024-04-03T08:11:01.642Z - Closed a connection. Number of open connections: 0
[NX Daemon Server] - 2024-04-03T08:11:01.645Z - Established a connection. Number of open connections: 1
[NX Daemon Server] - 2024-04-03T08:11:01.655Z - [REQUEST]: Client Request for Project Graph Received
[NX Daemon Server] - 2024-04-03T08:11:01.656Z - [REQUEST]: Responding to the client. project-graph
[NX Daemon Server] - 2024-04-03T08:11:01.659Z - Time taken for 'total for creating and serializing project graph' 0.9354000091552734ms
[NX Daemon Server] - 2024-04-03T08:11:01.659Z - Done responding to the client project-graph
[NX Daemon Server] - 2024-04-03T08:11:01.659Z - Handled REQUEST_PROJECT_GRAPH. Handling time: 1. Response time: 3.
[NX Daemon Server] - 2024-04-03T08:11:01.801Z - [REQUEST]: Responding to the client. handleHashTasks
[NX Daemon Server] - 2024-04-03T08:11:01.801Z - Done responding to the client handleHashTasks
[NX Daemon Server] - 2024-04-03T08:11:01.802Z - Handled HASH_TASKS. Handling time: 70. Response time: 1.
[NX Daemon Server] - 2024-04-03T08:11:03.257Z - Established a connection. Number of open connections: 2
[NX Daemon Server] - 2024-04-03T08:11:03.259Z - Closed a connection. Number of open connections: 1
[NX Daemon Server] - 2024-04-03T08:11:03.260Z - Established a connection. Number of open connections: 2
[NX Daemon Server] - 2024-04-03T08:11:03.265Z - [REQUEST]: Client Request for Project Graph Received
[NX Daemon Server] - 2024-04-03T08:11:03.265Z - [REQUEST]: Responding to the client. project-graph
[NX Daemon Server] - 2024-04-03T08:11:03.267Z - Time taken for 'total for creating and serializing project graph' 0.35229992866516113ms
[NX Daemon Server] - 2024-04-03T08:11:03.269Z - Done responding to the client project-graph
[NX Daemon Server] - 2024-04-03T08:11:03.269Z - Handled REQUEST_PROJECT_GRAPH. Handling time: 0. Response time: 4.
[NX Daemon Server] - 2024-04-03T08:11:09.632Z - [WATCHER]: Processing file changes in outputs
[NX Daemon Server] - 2024-04-03T08:11:10.163Z - [WATCHER]: Processing file changes in outputs
[NX Daemon Server] - 2024-04-03T08:11:14.060Z - [WATCHER]: Processing file changes in outputs
[NX Daemon Server] - 2024-04-03T08:13:21.433Z - [WATCHER]: Processing file changes in outputs
[NX Daemon Server] - 2024-04-03T16:22:16.575Z - There are 2 open connections. Reset inactivity timer.
[NX Daemon Server] - 2024-04-03T17:32:41.615Z - Started listening on: \\.\pipe\nx\C:\Users\xfabr\AppData\Local\Temp\6ec0aab6813a2fe72fcd\d.sock
[NX Daemon Server] - 2024-04-03T17:32:41.627Z - [WATCHER]: Subscribed to changes within: c:\Users\xfabr\VolunTrack\angular-app (native)
[NX Daemon Server] - 2024-04-03T17:32:41.630Z - Established a connection. Number of open connections: 1
[NX Daemon Server] - 2024-04-03T17:32:41.640Z - Closed a connection. Number of open connections: 0
[NX Daemon Server] - 2024-04-03T17:32:41.641Z - Established a connection. Number of open connections: 1
[NX Daemon Server] - 2024-04-03T17:32:41.646Z - [REQUEST]: Client Request for Project Graph Received
[NX Daemon Server] - 2024-04-03T17:32:41.651Z - [REQUEST]: Updated workspace context based on watched changes, recomputing project graph...
[NX Daemon Server] - 2024-04-03T17:32:41.651Z - [REQUEST]: 
[NX Daemon Server] - 2024-04-03T17:32:41.651Z - [REQUEST]: 
[NX Daemon Server] - 2024-04-03T17:32:42.007Z - [REQUEST]: Responding to the client. project-graph
[NX Daemon Server] - 2024-04-03T17:32:42.010Z - Time taken for 'total for creating and serializing project graph' 360.7487999997102ms
[NX Daemon Server] - 2024-04-03T17:32:42.012Z - Done responding to the client project-graph
[NX Daemon Server] - 2024-04-03T17:32:42.012Z - Handled REQUEST_PROJECT_GRAPH. Handling time: 361. Response time: 6.
[NX Daemon Server] - 2024-04-03T17:32:42.022Z - [REQUEST]: Responding to the client. handleRequestFileData
[NX Daemon Server] - 2024-04-03T17:32:42.023Z - Done responding to the client handleRequestFileData
[NX Daemon Server] - 2024-04-03T17:32:42.023Z - Handled REQUEST_FILE_DATA. Handling time: 0. Response time: 1.
[NX Daemon Server] - 2024-04-03T17:32:42.025Z - Closed a connection. Number of open connections: 0
[NX Daemon Server] - 2024-04-03T17:33:49.973Z - Established a connection. Number of open connections: 1
[NX Daemon Server] - 2024-04-03T17:33:49.975Z - Closed a connection. Number of open connections: 0
[NX Daemon Server] - 2024-04-03T17:33:49.977Z - Established a connection. Number of open connections: 1
[NX Daemon Server] - 2024-04-03T17:33:49.984Z - [REQUEST]: Client Request for Project Graph Received
[NX Daemon Server] - 2024-04-03T17:33:49.985Z - [REQUEST]: Responding to the client. project-graph
[NX Daemon Server] - 2024-04-03T17:33:49.987Z - Time taken for 'total for creating and serializing project graph' 0.5770000000484288ms
[NX Daemon Server] - 2024-04-03T17:33:49.989Z - Done responding to the client project-graph
[NX Daemon Server] - 2024-04-03T17:33:49.989Z - Handled REQUEST_PROJECT_GRAPH. Handling time: 1. Response time: 4.
[NX Daemon Server] - 2024-04-03T17:33:50.084Z - [REQUEST]: Responding to the client. handleHashTasks
[NX Daemon Server] - 2024-04-03T17:33:50.085Z - Done responding to the client handleHashTasks
[NX Daemon Server] - 2024-04-03T17:33:50.085Z - Handled HASH_TASKS. Handling time: 29. Response time: 1.
[NX Daemon Server] - 2024-04-03T17:36:08.377Z - Closed a connection. Number of open connections: 0
[NX Daemon Server] - 2024-04-03T17:36:13.355Z - Established a connection. Number of open connections: 1
[NX Daemon Server] - 2024-04-03T17:36:13.356Z - Closed a connection. Number of open connections: 0
[NX Daemon Server] - 2024-04-03T17:36:13.361Z - Established a connection. Number of open connections: 1
[NX Daemon Server] - 2024-04-03T17:36:13.367Z - [REQUEST]: Client Request for Project Graph Received
[NX Daemon Server] - 2024-04-03T17:36:13.367Z - [REQUEST]: Responding to the client. project-graph
[NX Daemon Server] - 2024-04-03T17:36:13.369Z - Time taken for 'total for creating and serializing project graph' 0.5883999997749925ms
[NX Daemon Server] - 2024-04-03T17:36:13.369Z - Done responding to the client project-graph
[NX Daemon Server] - 2024-04-03T17:36:13.370Z - Handled REQUEST_PROJECT_GRAPH. Handling time: 0. Response time: 3.
[NX Daemon Server] - 2024-04-03T17:36:13.385Z - [REQUEST]: Client Request for Project Graph Received
[NX Daemon Server] - 2024-04-03T17:36:13.386Z - [REQUEST]: Responding to the client. project-graph
[NX Daemon Server] - 2024-04-03T17:36:13.388Z - Time taken for 'total for creating and serializing project graph' 0.42010000022128224ms
[NX Daemon Server] - 2024-04-03T17:36:13.389Z - Done responding to the client project-graph
[NX Daemon Server] - 2024-04-03T17:36:13.389Z - Handled REQUEST_PROJECT_GRAPH. Handling time: 1. Response time: 3.
[NX Daemon Server] - 2024-04-03T17:36:13.399Z - Established a connection. Number of open connections: 2
[NX Daemon Server] - 2024-04-03T17:36:13.406Z - [REQUEST]: Client Request for Project Graph Received
[NX Daemon Server] - 2024-04-03T17:36:13.407Z - [REQUEST]: Responding to the client. project-graph
[NX Daemon Server] - 2024-04-03T17:36:13.409Z - Time taken for 'total for creating and serializing project graph' 0.8739000000059605ms
[NX Daemon Server] - 2024-04-03T17:36:13.411Z - Done responding to the client project-graph
[NX Daemon Server] - 2024-04-03T17:36:13.411Z - Handled REQUEST_PROJECT_GRAPH. Handling time: 1. Response time: 4.
[NX Daemon Server] - 2024-04-03T17:36:13.502Z - [REQUEST]: Client Request for Project Graph Received
[NX Daemon Server] - 2024-04-03T17:36:13.502Z - [REQUEST]: Responding to the client. project-graph
[NX Daemon Server] - 2024-04-03T17:36:13.504Z - Time taken for 'total for creating and serializing project graph' 0.4303999999538064ms
[NX Daemon Server] - 2024-04-03T17:36:13.505Z - Done responding to the client project-graph
[NX Daemon Server] - 2024-04-03T17:36:13.505Z - Handled REQUEST_PROJECT_GRAPH. Handling time: 0. Response time: 3.
[NX Daemon Server] - 2024-04-03T17:36:17.648Z - Established a connection. Number of open connections: 3
[NX Daemon Server] - 2024-04-03T17:36:17.649Z - Closed a connection. Number of open connections: 2
[NX Daemon Server] - 2024-04-03T17:36:17.652Z - Established a connection. Number of open connections: 3
[NX Daemon Server] - 2024-04-03T17:36:17.658Z - [REQUEST]: Client Request for Project Graph Received
[NX Daemon Server] - 2024-04-03T17:36:17.659Z - [REQUEST]: Responding to the client. project-graph
[NX Daemon Server] - 2024-04-03T17:36:17.662Z - Time taken for 'total for creating and serializing project graph' 0.5320999999530613ms
[NX Daemon Server] - 2024-04-03T17:36:17.663Z - Done responding to the client project-graph
[NX Daemon Server] - 2024-04-03T17:36:17.664Z - Handled REQUEST_PROJECT_GRAPH. Handling time: 1. Response time: 5.
[NX Daemon Server] - 2024-04-03T17:36:17.740Z - [REQUEST]: Responding to the client. handleHashTasks
[NX Daemon Server] - 2024-04-03T17:36:17.741Z - Done responding to the client handleHashTasks
[NX Daemon Server] - 2024-04-03T17:36:17.741Z - Handled HASH_TASKS. Handling time: 10. Response time: 1.
[NX Daemon Server] - 2024-04-03T17:36:19.316Z - Established a connection. Number of open connections: 4
[NX Daemon Server] - 2024-04-03T17:36:19.318Z - Closed a connection. Number of open connections: 3
[NX Daemon Server] - 2024-04-03T17:36:19.319Z - Established a connection. Number of open connections: 4
[NX Daemon Server] - 2024-04-03T17:36:19.324Z - [REQUEST]: Client Request for Project Graph Received
[NX Daemon Server] - 2024-04-03T17:36:19.324Z - [REQUEST]: Responding to the client. project-graph
[NX Daemon Server] - 2024-04-03T17:36:19.326Z - Time taken for 'total for creating and serializing project graph' 0.3785999999381602ms
[NX Daemon Server] - 2024-04-03T17:36:19.329Z - Done responding to the client project-graph
[NX Daemon Server] - 2024-04-03T17:36:19.329Z - Handled REQUEST_PROJECT_GRAPH. Handling time: 0. Response time: 5.
[NX Daemon Server] - 2024-04-03T17:36:25.330Z - [WATCHER]: Processing file changes in outputs
[NX Daemon Server] - 2024-04-03T19:52:06.973Z - Closed a connection. Number of open connections: 3
[NX Daemon Server] - 2024-04-03T19:52:07.043Z - Closed a connection. Number of open connections: 2
[NX Daemon Server] - 2024-04-03T21:44:51.125Z - There are 2 open connections. Reset inactivity timer.
[NX Daemon Server] - 2024-04-04T00:50:44.743Z - There are 2 open connections. Reset inactivity timer.
[NX Daemon Server] - 2024-04-04T04:31:05.103Z - There are 2 open connections. Reset inactivity timer.
[NX Daemon Server] - 2024-04-04T15:35:59.651Z - There are 2 open connections. Reset inactivity timer.
[NX Daemon Server] - 2024-04-04T17:46:39.513Z - [WATCHER]: Processing file changes in outputs
[NX Daemon Server] - 2024-04-04T17:46:39.581Z - [WATCHER]: src/app/app.component.html was modified
[NX Daemon Server] - 2024-04-04T17:46:39.589Z - [REQUEST]: Responding to the client. File watch changed
[NX Daemon Server] - 2024-04-04T17:46:39.591Z - Time taken for 'changed-projects' 1.2226999998092651ms
[NX Daemon Server] - 2024-04-04T17:46:39.592Z - Done responding to the client File watch changed
[NX Daemon Server] - 2024-04-04T17:46:39.592Z - Handled FILE-WATCH-CHANGED. Handling time: 0. Response time: 3.
[NX Daemon Server] - 2024-04-04T17:46:39.699Z - [REQUEST]: Updated workspace context based on watched changes, recomputing project graph...
[NX Daemon Server] - 2024-04-04T17:46:39.700Z - [REQUEST]: src/app/app.component.html
[NX Daemon Server] - 2024-04-04T17:46:39.700Z - [REQUEST]: 
[NX Daemon Server] - 2024-04-04T17:46:39.835Z - Time taken for 'hash changed files from watcher' 5.9359999895095825ms
[NX Daemon Server] - 2024-04-04T17:46:40.325Z - [REQUEST]: Client Request for Project Graph Received
[NX Daemon Server] - 2024-04-04T17:46:40.325Z - [REQUEST]: Responding to the client. project-graph
[NX Daemon Server] - 2024-04-04T17:46:40.328Z - Time taken for 'total for creating and serializing project graph' 0.5397000014781952ms
[NX Daemon Server] - 2024-04-04T17:46:40.328Z - Done responding to the client project-graph
[NX Daemon Server] - 2024-04-04T17:46:40.328Z - Handled REQUEST_PROJECT_GRAPH. Handling time: 0. Response time: 3.
[NX Daemon Server] - 2024-04-04T17:46:40.639Z - Established a connection. Number of open connections: 3
[NX Daemon Server] - 2024-04-04T17:46:40.640Z - Closed a connection. Number of open connections: 2
[NX Daemon Server] - 2024-04-04T17:46:40.641Z - Established a connection. Number of open connections: 3
[NX Daemon Server] - 2024-04-04T17:46:40.645Z - [REQUEST]: Client Request for Project Graph Received
[NX Daemon Server] - 2024-04-04T17:46:40.646Z - [REQUEST]: Responding to the client. project-graph
[NX Daemon Server] - 2024-04-04T17:46:40.648Z - Time taken for 'total for creating and serializing project graph' 0.3872999995946884ms
[NX Daemon Server] - 2024-04-04T17:46:40.648Z - Done responding to the client project-graph
[NX Daemon Server] - 2024-04-04T17:46:40.648Z - Handled REQUEST_PROJECT_GRAPH. Handling time: 1. Response time: 2.
[NX Daemon Server] - 2024-04-04T17:46:40.668Z - [REQUEST]: Responding to the client. handleRequestFileData
[NX Daemon Server] - 2024-04-04T17:46:40.668Z - Done responding to the client handleRequestFileData
[NX Daemon Server] - 2024-04-04T17:46:40.668Z - Handled REQUEST_FILE_DATA. Handling time: 0. Response time: 0.
[NX Daemon Server] - 2024-04-04T17:46:40.670Z - Closed a connection. Number of open connections: 2
[NX Daemon Server] - 2024-04-04T17:46:59.603Z - Established a connection. Number of open connections: 3
[NX Daemon Server] - 2024-04-04T17:46:59.604Z - Closed a connection. Number of open connections: 2
[NX Daemon Server] - 2024-04-04T17:46:59.606Z - Established a connection. Number of open connections: 3
[NX Daemon Server] - 2024-04-04T17:46:59.614Z - [REQUEST]: Client Request for Project Graph Received
[NX Daemon Server] - 2024-04-04T17:46:59.614Z - [REQUEST]: Responding to the client. project-graph
[NX Daemon Server] - 2024-04-04T17:46:59.617Z - Time taken for 'total for creating and serializing project graph' 0.44480000436306ms
[NX Daemon Server] - 2024-04-04T17:46:59.618Z - Done responding to the client project-graph
[NX Daemon Server] - 2024-04-04T17:46:59.619Z - Handled REQUEST_PROJECT_GRAPH. Handling time: 0. Response time: 5.
[NX Daemon Server] - 2024-04-04T17:46:59.751Z - [REQUEST]: Responding to the client. handleHashTasks
[NX Daemon Server] - 2024-04-04T17:46:59.752Z - Done responding to the client handleHashTasks
[NX Daemon Server] - 2024-04-04T17:46:59.752Z - Handled HASH_TASKS. Handling time: 40. Response time: 1.
[NX Daemon Server] - 2024-04-04T18:28:59.918Z - Closed a connection. Number of open connections: 2
[NX Daemon Server] - 2024-04-04T18:29:07.943Z - Established a connection. Number of open connections: 3
[NX Daemon Server] - 2024-04-04T18:29:07.945Z - Closed a connection. Number of open connections: 2
[NX Daemon Server] - 2024-04-04T18:29:07.945Z - Established a connection. Number of open connections: 3
[NX Daemon Server] - 2024-04-04T18:29:07.960Z - [REQUEST]: Client Request for Project Graph Received
[NX Daemon Server] - 2024-04-04T18:29:07.961Z - [REQUEST]: Responding to the client. project-graph
[NX Daemon Server] - 2024-04-04T18:29:07.965Z - Time taken for 'total for creating and serializing project graph' 2.1093000024557114ms
[NX Daemon Server] - 2024-04-04T18:29:07.965Z - Done responding to the client project-graph
[NX Daemon Server] - 2024-04-04T18:29:07.966Z - Handled REQUEST_PROJECT_GRAPH. Handling time: 2. Response time: 5.
[NX Daemon Server] - 2024-04-04T18:29:08.050Z - [REQUEST]: Responding to the client. handleHashTasks
[NX Daemon Server] - 2024-04-04T18:29:08.051Z - Done responding to the client handleHashTasks
[NX Daemon Server] - 2024-04-04T18:29:08.051Z - Handled HASH_TASKS. Handling time: 34. Response time: 1.
[NX Daemon Server] - 2024-04-04T18:29:09.219Z - Established a connection. Number of open connections: 4
[NX Daemon Server] - 2024-04-04T18:29:09.220Z - Closed a connection. Number of open connections: 3
[NX Daemon Server] - 2024-04-04T18:29:09.221Z - Established a connection. Number of open connections: 4
[NX Daemon Server] - 2024-04-04T18:29:09.224Z - [REQUEST]: Client Request for Project Graph Received
[NX Daemon Server] - 2024-04-04T18:29:09.224Z - [REQUEST]: Responding to the client. project-graph
[NX Daemon Server] - 2024-04-04T18:29:09.226Z - Time taken for 'total for creating and serializing project graph' 0.15609999001026154ms
[NX Daemon Server] - 2024-04-04T18:29:09.227Z - Done responding to the client project-graph
[NX Daemon Server] - 2024-04-04T18:29:09.227Z - Handled REQUEST_PROJECT_GRAPH. Handling time: 0. Response time: 3.
[NX Daemon Server] - 2024-04-04T18:29:13.762Z - [WATCHER]: Processing file changes in outputs
[NX Daemon Server] - 2024-04-04T19:15:08.893Z - Established a connection. Number of open connections: 5
[NX Daemon Server] - 2024-04-04T19:15:08.902Z - Closed a connection. Number of open connections: 4
[NX Daemon Server] - 2024-04-04T19:15:08.902Z - Established a connection. Number of open connections: 5
[NX Daemon Server] - 2024-04-04T19:15:08.927Z - [REQUEST]: Client Request for Project Graph Received
[NX Daemon Server] - 2024-04-04T19:15:08.928Z - [REQUEST]: Responding to the client. project-graph
[NX Daemon Server] - 2024-04-04T19:15:08.938Z - Time taken for 'total for creating and serializing project graph' 0.5918999910354614ms
[NX Daemon Server] - 2024-04-04T19:15:08.938Z - Done responding to the client project-graph
[NX Daemon Server] - 2024-04-04T19:15:08.938Z - Handled REQUEST_PROJECT_GRAPH. Handling time: 1. Response time: 11.
[NX Daemon Server] - 2024-04-04T19:15:08.944Z - [REQUEST]: Responding to the client. handleRequestFileData
[NX Daemon Server] - 2024-04-04T19:15:08.944Z - Done responding to the client handleRequestFileData
[NX Daemon Server] - 2024-04-04T19:15:08.944Z - Handled REQUEST_FILE_DATA. Handling time: 4. Response time: 0.
[NX Daemon Server] - 2024-04-04T19:15:08.945Z - Closed a connection. Number of open connections: 4
[NX Daemon Server] - 2024-04-04T21:28:49.540Z - Closed a connection. Number of open connections: 3
[NX Daemon Server] - 2024-04-04T21:28:49.632Z - Closed a connection. Number of open connections: 2
[NX Daemon Server] - 2024-04-04T21:29:58.207Z - [WATCHER]: Processing file changes in outputs
[NX Daemon Server] - 2024-04-04T21:29:58.243Z - [WATCHER]: package.json was modified
[NX Daemon Server] - 2024-04-04T21:29:58.252Z - [REQUEST]: Responding to the client. File watch changed
[NX Daemon Server] - 2024-04-04T21:29:58.254Z - Time taken for 'changed-projects' 3.576099991798401ms
[NX Daemon Server] - 2024-04-04T21:29:58.254Z - Done responding to the client File watch changed
[NX Daemon Server] - 2024-04-04T21:29:58.255Z - Handled FILE-WATCH-CHANGED. Handling time: 1. Response time: 3.
[NX Daemon Server] - 2024-04-04T21:29:58.357Z - [REQUEST]: Updated workspace context based on watched changes, recomputing project graph...
[NX Daemon Server] - 2024-04-04T21:29:58.357Z - [REQUEST]: package.json
[NX Daemon Server] - 2024-04-04T21:29:58.357Z - [REQUEST]: 
[NX Daemon Server] - 2024-04-04T21:29:58.510Z - Time taken for 'hash changed files from watcher' 6.545300006866455ms
[NX Daemon Server] - 2024-04-04T21:29:58.842Z - [REQUEST]: Client Request for Project Graph Received
[NX Daemon Server] - 2024-04-04T21:29:58.843Z - [REQUEST]: Responding to the client. project-graph
[NX Daemon Server] - 2024-04-04T21:29:58.845Z - Time taken for 'total for creating and serializing project graph' 0.3702000081539154ms
[NX Daemon Server] - 2024-04-04T21:29:58.847Z - Done responding to the client project-graph
[NX Daemon Server] - 2024-04-04T21:29:58.848Z - Handled REQUEST_PROJECT_GRAPH. Handling time: 1. Response time: 5.
[NX Daemon Server] - 2024-04-04T21:29:58.923Z - [WATCHER]: Processing file changes in outputs
[NX Daemon Server] - 2024-04-04T21:29:58.924Z - [WATCHER]: Stopping the watcher for c:\Users\xfabr\VolunTrack\angular-app (sources)
[NX Daemon Server] - 2024-04-04T21:29:58.925Z - [WATCHER]: Stopping the watcher for c:\Users\xfabr\VolunTrack\angular-app (outputs)
[NX Daemon Server] - 2024-04-04T21:29:58.925Z - Server stopped because: "Lock file changed"
[NX Daemon Server] - 2024-04-19T02:20:49.542Z - Started listening on: \\.\pipe\nx\C:\Users\xfabr\AppData\Local\Temp\6ec0aab6813a2fe72fcd\d.sock
[NX Daemon Server] - 2024-04-19T02:20:49.554Z - [WATCHER]: Subscribed to changes within: c:\Users\xfabr\VolunTrack\angular-app (native)
[NX Daemon Server] - 2024-04-19T02:20:49.558Z - Established a connection. Number of open connections: 1
[NX Daemon Server] - 2024-04-19T02:20:49.561Z - Closed a connection. Number of open connections: 0
[NX Daemon Server] - 2024-04-19T02:20:49.563Z - Established a connection. Number of open connections: 1
[NX Daemon Server] - 2024-04-19T02:20:49.566Z - [REQUEST]: Client Request for Project Graph Received
[NX Daemon Server] - 2024-04-19T02:20:49.571Z - [REQUEST]: Updated workspace context based on watched changes, recomputing project graph...
[NX Daemon Server] - 2024-04-19T02:20:49.572Z - [REQUEST]: 
[NX Daemon Server] - 2024-04-19T02:20:49.572Z - [REQUEST]: 
[NX Daemon Server] - 2024-04-19T02:20:49.931Z - [REQUEST]: Responding to the client. project-graph
[NX Daemon Server] - 2024-04-19T02:20:49.935Z - Time taken for 'total for creating and serializing project graph' 364.4703999757767ms
[NX Daemon Server] - 2024-04-19T02:20:49.936Z - Done responding to the client project-graph
[NX Daemon Server] - 2024-04-19T02:20:49.936Z - Handled REQUEST_PROJECT_GRAPH. Handling time: 365. Response time: 5.
[NX Daemon Server] - 2024-04-19T02:20:49.945Z - [REQUEST]: Responding to the client. handleRequestFileData
[NX Daemon Server] - 2024-04-19T02:20:49.945Z - Done responding to the client handleRequestFileData
[NX Daemon Server] - 2024-04-19T02:20:49.945Z - Handled REQUEST_FILE_DATA. Handling time: 1. Response time: 0.
[NX Daemon Server] - 2024-04-19T02:20:49.947Z - Closed a connection. Number of open connections: 0
[NX Daemon Server] - 2024-05-01T22:24:42.132Z - Started listening on: \\.\pipe\nx\C:\Users\xfabr\AppData\Local\Temp\6ec0aab6813a2fe72fcd\d.sock
[NX Daemon Server] - 2024-05-01T22:24:42.144Z - [WATCHER]: Subscribed to changes within: c:\Users\xfabr\VolunTrack\angular-app (native)
[NX Daemon Server] - 2024-05-01T22:24:42.147Z - Established a connection. Number of open connections: 1
[NX Daemon Server] - 2024-05-01T22:24:42.149Z - Established a connection. Number of open connections: 2
[NX Daemon Server] - 2024-05-01T22:24:42.152Z - Closed a connection. Number of open connections: 1
[NX Daemon Server] - 2024-05-01T22:24:42.156Z - [REQUEST]: Client Request for Project Graph Received
[NX Daemon Server] - 2024-05-01T22:24:42.160Z - [REQUEST]: Updated workspace context based on watched changes, recomputing project graph...
[NX Daemon Server] - 2024-05-01T22:24:42.161Z - [REQUEST]: 
[NX Daemon Server] - 2024-05-01T22:24:42.161Z - [REQUEST]: 
[NX Daemon Server] - 2024-05-01T22:24:42.436Z - [REQUEST]: Responding to the client. project-graph
[NX Daemon Server] - 2024-05-01T22:24:42.442Z - Time taken for 'total for creating and serializing project graph' 280.5426000356674ms
[NX Daemon Server] - 2024-05-01T22:24:42.443Z - Done responding to the client project-graph
[NX Daemon Server] - 2024-05-01T22:24:42.443Z - Handled REQUEST_PROJECT_GRAPH. Handling time: 280. Response time: 7.
[NX Daemon Server] - 2024-05-01T22:24:42.455Z - [REQUEST]: Responding to the client. handleRequestFileData
[NX Daemon Server] - 2024-05-01T22:24:42.455Z - Done responding to the client handleRequestFileData
[NX Daemon Server] - 2024-05-01T22:24:42.455Z - Handled REQUEST_FILE_DATA. Handling time: 1. Response time: 0.
[NX Daemon Server] - 2024-05-01T22:24:42.457Z - Closed a connection. Number of open connections: 0
[NX Daemon Server] - 2024-05-01T22:25:19.174Z - Established a connection. Number of open connections: 1
[NX Daemon Server] - 2024-05-01T22:25:19.176Z - Closed a connection. Number of open connections: 0
[NX Daemon Server] - 2024-05-01T22:25:19.180Z - Established a connection. Number of open connections: 1
[NX Daemon Server] - 2024-05-01T22:25:19.189Z - [REQUEST]: Client Request for Project Graph Received
[NX Daemon Server] - 2024-05-01T22:25:19.190Z - [REQUEST]: Responding to the client. project-graph
[NX Daemon Server] - 2024-05-01T22:25:19.192Z - Time taken for 'total for creating and serializing project graph' 0.8392000198364258ms
[NX Daemon Server] - 2024-05-01T22:25:19.195Z - Done responding to the client project-graph
[NX Daemon Server] - 2024-05-01T22:25:19.195Z - Handled REQUEST_PROJECT_GRAPH. Handling time: 1. Response time: 5.
[NX Daemon Server] - 2024-05-01T22:25:19.333Z - [REQUEST]: Responding to the client. handleHashTasks
[NX Daemon Server] - 2024-05-01T22:25:19.335Z - Done responding to the client handleHashTasks
[NX Daemon Server] - 2024-05-01T22:25:19.335Z - Handled HASH_TASKS. Handling time: 38. Response time: 2.
[NX Daemon Server] - 2024-05-01T22:25:20.949Z - Established a connection. Number of open connections: 2
[NX Daemon Server] - 2024-05-01T22:25:20.951Z - Closed a connection. Number of open connections: 1
[NX Daemon Server] - 2024-05-01T22:25:20.955Z - Established a connection. Number of open connections: 2
[NX Daemon Server] - 2024-05-01T22:25:20.960Z - [REQUEST]: Client Request for Project Graph Received
[NX Daemon Server] - 2024-05-01T22:25:20.960Z - [REQUEST]: Responding to the client. project-graph
[NX Daemon Server] - 2024-05-01T22:25:20.962Z - Time taken for 'total for creating and serializing project graph' 0.48249995708465576ms
[NX Daemon Server] - 2024-05-01T22:25:20.965Z - Done responding to the client project-graph
[NX Daemon Server] - 2024-05-01T22:25:20.965Z - Handled REQUEST_PROJECT_GRAPH. Handling time: 0. Response time: 5.
[NX Daemon Server] - 2024-05-01T22:25:28.718Z - [WATCHER]: Processing file changes in outputs
[NX Daemon Server] - 2024-05-01T22:25:29.044Z - [WATCHER]: Processing file changes in outputs
[NX Daemon Server] - 2024-05-01T22:25:29.184Z - [WATCHER]: Processing file changes in outputs
[NX Daemon Server] - 2024-05-01T22:25:34.470Z - [WATCHER]: Processing file changes in outputs
[NX Daemon Server] - 2024-05-01T22:25:36.879Z - [WATCHER]: Processing file changes in outputs
[NX Daemon Server] - 2024-05-01T22:25:45.813Z - Closed a connection. Number of open connections: 1
[NX Daemon Server] - 2024-05-01T22:25:45.860Z - Closed a connection. Number of open connections: 0
[NX Daemon Server] - 2024-05-02T05:14:44.092Z - [WATCHER]: .nx/cache/d/server-process.json was deleted
[NX Daemon Server] - 2024-05-02T05:14:44.544Z - [WATCHER]: Stopping the watcher for c:\Users\xfabr\VolunTrack\angular-app (sources)
